  Raycast Template.cpp
  DebugCallback.cpp
  imgui.cpp
  imgui_demo.cpp
  imgui_draw.cpp
  imgui_impl_glut.cpp
  imgui_widgets.cpp
  InitShader.cpp
  VideoMux.cpp
C:\Users\wzqzh\Downloads\Raycast Template\VideoMux.cpp(187,34): warning C4244:  '=': conversion from 'double' to 'float', possible loss of data
C:\Users\wzqzh\Downloads\Raycast Template\VideoMux.cpp(189,52): warning C4244:  '=': conversion from 'double' to 'float', possible loss of data
C:\Users\wzqzh\Downloads\Raycast Template\VideoMux.cpp(233,7): warning C4244:  'argument': conversion from 'double' to 'int64_t', possible loss of data
C:\Users\wzqzh\Downloads\Raycast Template\VideoMux.cpp(264,38): warning C4244:  '=': conversion from 'int64_t' to 'int', possible loss of data
C:\Users\wzqzh\Downloads\Raycast Template\VideoMux.cpp(288,1): warning C4996:  'avcodec_encode_audio2': was declared deprecated
C:\Users\wzqzh\Downloads\Raycast Template\include\libavcodec\avcodec.h(5283): message :  see declaration of 'avcodec_encode_audio2'
C:\Users\wzqzh\Downloads\Raycast Template\VideoMux.cpp(389,7): warning C4244:  'argument': conversion from 'double' to 'int64_t', possible loss of data
C:\Users\wzqzh\Downloads\Raycast Template\VideoMux.cpp(412,41): warning C4244:  'argument': conversion from 'int64_t' to 'int', possible loss of data
C:\Users\wzqzh\Downloads\Raycast Template\VideoMux.cpp(438,1): warning C4996:  'avcodec_encode_video2': was declared deprecated
  Generating Code...
C:\Users\wzqzh\Downloads\Raycast Template\include\libavcodec\avcodec.h(5322): message :  see declaration of 'avcodec_encode_video2'
C:\Users\wzqzh\Downloads\Raycast Template\VideoMux.cpp(532): warning C4700:  uninitialized local variable 'audio_codec' used
  Raycast Template.vcxproj -> C:\Users\wzqzh\Downloads\Raycast Template\Debug\Raycast Template.exe
