c:\users\tim mcgraw\documents\dev\p4 workspace\dev\visual studio projects\cgt521\simplecompute\debug\vc140.pdb
c:\users\tim mcgraw\documents\dev\p4 workspace\dev\visual studio projects\cgt521\simplecompute\debug\vc140.idb
c:\users\tim mcgraw\documents\dev\p4 workspace\dev\visual studio projects\cgt521\simplecompute\debug\simplecompute.obj
c:\users\tim mcgraw\documents\dev\p4 workspace\dev\visual studio projects\cgt521\simplecompute\debug\debugcallback.obj
c:\users\tim mcgraw\documents\dev\p4 workspace\dev\visual studio projects\cgt521\simplecompute\debug\imgui.obj
c:\users\tim mcgraw\documents\dev\p4 workspace\dev\visual studio projects\cgt521\simplecompute\debug\imgui_demo.obj
c:\users\tim mcgraw\documents\dev\p4 workspace\dev\visual studio projects\cgt521\simplecompute\debug\imgui_draw.obj
c:\users\tim mcgraw\documents\dev\p4 workspace\dev\visual studio projects\cgt521\simplecompute\debug\imgui_impl_glut.obj
c:\users\tim mcgraw\documents\dev\p4 workspace\dev\visual studio projects\cgt521\simplecompute\debug\initshader.obj
c:\users\tim mcgraw\documents\dev\p4 workspace\dev\visual studio projects\cgt521\simplecompute\debug\videomux.obj
c:\users\tim mcgraw\documents\dev\p4 workspace\dev\visual studio projects\cgt521\debug\simplecompute.ilk
c:\users\tim mcgraw\documents\dev\p4 workspace\dev\visual studio projects\cgt521\debug\simplecompute.exe
c:\users\tim mcgraw\documents\dev\p4 workspace\dev\visual studio projects\cgt521\debug\simplecompute.pdb
c:\users\tim mcgraw\documents\dev\p4 workspace\dev\visual studio projects\cgt521\simplecompute\debug\simplecompute.obj.enc
c:\users\tim mcgraw\documents\dev\p4 workspace\dev\visual studio projects\cgt521\simplecompute\debug\simplecompute.tlog\cl.command.1.tlog
c:\users\tim mcgraw\documents\dev\p4 workspace\dev\visual studio projects\cgt521\simplecompute\debug\simplecompute.tlog\cl.read.1.tlog
c:\users\tim mcgraw\documents\dev\p4 workspace\dev\visual studio projects\cgt521\simplecompute\debug\simplecompute.tlog\cl.write.1.tlog
c:\users\tim mcgraw\documents\dev\p4 workspace\dev\visual studio projects\cgt521\simplecompute\debug\simplecompute.tlog\link.command.1.tlog
c:\users\tim mcgraw\documents\dev\p4 workspace\dev\visual studio projects\cgt521\simplecompute\debug\simplecompute.tlog\link.read.1.tlog
c:\users\tim mcgraw\documents\dev\p4 workspace\dev\visual studio projects\cgt521\simplecompute\debug\simplecompute.tlog\link.write.1.tlog
